Using pre-set license
Built from '2020.3/staging' branch; Version is '2020.3.30f1 (1fb1bf06830e) revision 2077119'; Using compiler version '192528614'; Build Type 'Release'
OS: 'Windows 11  (10.0.22000) 64bit Professional' Language: 'fr' Physical Memory: 16251 MB
BatchMode: 1, IsHumanControllingUs: 0, StartBugReporterOnCrash: 0, Is64bit: 1, IsPro: 0

COMMAND LINE ARGUMENTS:
C:\Program Files\Unity\Hub\Editor\2020.3.30f1\Editor\Unity.exe
-adb2
-batchMode
-noUpm
-name
AssetImportWorker0
-projectPath
C:/Users/patat/inventory
-logFile
Logs/AssetImportWorker0.log
-srvPort
63879
Successfully changed project path to: C:/Users/patat/inventory
C:/Users/patat/inventory
Using Asset Import Pipeline V2.
Refreshing native plugins compatible for Editor in 61.16 ms, found 2 plugins.
Preloading 0 native plugins for Editor in 0.00 ms.
Initialize engine version: 2020.3.30f1 (1fb1bf06830e)
[Subsystems] Discovering subsystems at path C:/Program Files/Unity/Hub/Editor/2020.3.30f1/Editor/Data/Resources/UnitySubsystems
[Subsystems] Discovering subsystems at path C:/Users/patat/inventory/Assets
GfxDevice: creating device client; threaded=0
Direct3D:
    Version:  Direct3D 11.0 [level 11.1]
    Renderer: NVIDIA GeForce GTX 1650 Ti (ID=0x1f95)
    Vendor:   
    VRAM:     3962 MB
    Driver:   30.0.15.1179
Initialize mono
Mono path[0] = 'C:/Program Files/Unity/Hub/Editor/2020.3.30f1/Editor/Data/Managed'
Mono path[1] = 'C:/Program Files/Unity/Hub/Editor/2020.3.30f1/Editor/Data/MonoBleedingEdge/lib/mono/unityjit'
Mono config path = 'C:/Program Files/Unity/Hub/Editor/2020.3.30f1/Editor/Data/MonoBleedingEdge/etc'
Using monoOptions --debugger-agent=transport=dt_socket,embedding=1,server=y,suspend=n,address=127.0.0.1:56744
Begin MonoManager ReloadAssembly
Registering precompiled unity dll's ...
Register platform support module: C:/Program Files/Unity/Hub/Editor/2020.3.30f1/Editor/Data/PlaybackEngines/WindowsStandaloneSupport/UnityEditor.WindowsStandalone.Extensions.dll
Registered in 0.002950 seconds.
Native extension for WindowsStandalone target not found
Refreshing native plugins compatible for Editor in 55.74 ms, found 2 plugins.
Preloading 0 native plugins for Editor in 0.00 ms.
Mono: successfully reloaded assembly
- Completed reload, in  1.037 seconds
Domain Reload Profiling:
	ReloadAssembly (1037ms)
		BeginReloadAssembly (89ms)
			ExecutionOrderSort (0ms)
			DisableScriptedObjects (0ms)
			BackupInstance (0ms)
			ReleaseScriptingObjects (0ms)
			CreateAndSetChildDomain (1ms)
		EndReloadAssembly (827ms)
			LoadAssemblies (87ms)
			RebuildTransferFunctionScriptingTraits (0ms)
			SetupTypeCache (282ms)
			ReleaseScriptCaches (0ms)
			RebuildScriptCaches (56ms)
			SetupLoadedEditorAssemblies (304ms)
				LogAssemblyErrors (0ms)
				InitializePlatformSupportModulesInManaged (7ms)
				SetLoadedEditorAssemblies (0ms)
				RefreshPlugins (56ms)
				BeforeProcessingInitializeOnLoad (39ms)
				ProcessInitializeOnLoadAttributes (154ms)
				ProcessInitializeOnLoadMethodAttributes (47ms)
				AfterProcessingInitializeOnLoad (0ms)
				EditorAssembliesLoaded (0ms)
			ExecutionOrderSort2 (0ms)
			AwakeInstancesAfterBackupRestoration (0ms)
Platform modules already initialized, skipping
Registering precompiled user dll's ...
Registered in 0.003802 seconds.
Begin MonoManager ReloadAssembly
Native extension for WindowsStandalone target not found
Refreshing native plugins compatible for Editor in 0.46 ms, found 2 plugins.
Preloading 0 native plugins for Editor in 0.00 ms.
Mono: successfully reloaded assembly
- Completed reload, in  1.789 seconds
Domain Reload Profiling:
	ReloadAssembly (1790ms)
		BeginReloadAssembly (245ms)
			ExecutionOrderSort (0ms)
			DisableScriptedObjects (8ms)
			BackupInstance (0ms)
			ReleaseScriptingObjects (0ms)
			CreateAndSetChildDomain (29ms)
		EndReloadAssembly (1435ms)
			LoadAssemblies (162ms)
			RebuildTransferFunctionScriptingTraits (0ms)
			SetupTypeCache (518ms)
			ReleaseScriptCaches (1ms)
			RebuildScriptCaches (80ms)
			SetupLoadedEditorAssemblies (472ms)
				LogAssemblyErrors (0ms)
				InitializePlatformSupportModulesInManaged (8ms)
				SetLoadedEditorAssemblies (1ms)
				RefreshPlugins (1ms)
				BeforeProcessingInitializeOnLoad (116ms)
				ProcessInitializeOnLoadAttributes (330ms)
				ProcessInitializeOnLoadMethodAttributes (10ms)
				AfterProcessingInitializeOnLoad (5ms)
				EditorAssembliesLoaded (0ms)
			ExecutionOrderSort2 (0ms)
			AwakeInstancesAfterBackupRestoration (7ms)
Platform modules already initialized, skipping
========================================================================
Worker process is ready to serve import requests
Launched and connected shader compiler UnityShaderCompiler.exe after 0.10 seconds
Refreshing native plugins compatible for Editor in 0.51 ms, found 2 plugins.
Preloading 0 native plugins for Editor in 0.00 ms.
Unloading 1532 Unused Serialized files (Serialized files now loaded: 0)
System memory in use before: 71.7 MB.
System memory in use after: 71.7 MB.

Unloading 16 unused Assets to reduce memory usage. Loaded Objects now: 1971.
Total: 3.294200 ms (FindLiveObjects: 0.131900 ms CreateObjectMapping: 0.046100 ms MarkObjects: 3.043000 ms  DeleteObjects: 0.072400 ms)

AssetImportParameters requested are different than current active one (requested -> active):
  custom:framework-win-MediaFoundation: 216162199b28c13a410421893ffa2e32 -> 
  custom:video-decoder-ogg-theora: a1e56fd34408186e4bbccfd4996cb3dc -> 
  custom:container-muxer-webm: aa71ff27fc2769a1b78a27578f13a17b -> 
  custom:container-demuxer-webm: 4f35f7cbe854078d1ac9338744f61a02 -> 
  custom:container-demuxer-ogg: 62fdf1f143b41e24485cea50d1cbac27 -> 
  custom:video-encoder-webm-vp8: eb34c28f22e8b96e1ab97ce403110664 -> 
  custom:video-codec-MediaFoundation-h265: 746d11721c4dcdbdad8f713fa42b33f4 -> 
  custom:video-decoder-webm-vp8: 9c59270c3fd7afecdb556c50c9e8de78 -> 
  custom:audio-decoder-ogg-vorbis: bf7c407c2cedff20999df2af8eb42d56 -> 
  custom:audio-encoder-webm-vorbis: bf7c407c2cedff20999df2af8eb42d56 -> 
========================================================================
Received Import Request.
  path: Assets/New Terrain.asset
  artifactKey: Guid(d1e22d7448cf16445b48e0379f376f45) Importer(815301076,1909f56bfc062723c751e8b465ee728b)
Start importing Assets/New Terrain.asset using Guid(d1e22d7448cf16445b48e0379f376f45) Importer(815301076,1909f56bfc062723c751e8b465ee728b)  -> (artifact id: '2a0da2ad2e57cb5f6977641a8d398b97') in 0.129804 seconds 
========================================================================
Received Import Request.
  Time since last request: 0.000591 seconds.
  path: Assets/Scenes/SampleScene.unity
  artifactKey: Guid(9fc0d4010bbf28b4594072e72b8655ab) Importer(815301076,1909f56bfc062723c751e8b465ee728b)
Start importing Assets/Scenes/SampleScene.unity using Guid(9fc0d4010bbf28b4594072e72b8655ab) Importer(815301076,1909f56bfc062723c751e8b465ee728b)  -> (artifact id: '98770380ee1cd7c0db52513833fa2d2c') in 0.012674 seconds 
========================================================================
Received Import Request.
  Time since last request: 47.563326 seconds.
  path: Assets/material/ground.mat
  artifactKey: Guid(a3d9d0b5f2888ad44a68c6c691e0bfd3) Importer(815301076,1909f56bfc062723c751e8b465ee728b)
Start importing Assets/material/ground.mat using Guid(a3d9d0b5f2888ad44a68c6c691e0bfd3) Importer(815301076,1909f56bfc062723c751e8b465ee728b)  -> (artifact id: '8c4f3daf107aba0ce9c30c0d3a0a67be') in 0.176037 seconds 
========================================================================
Received Import Request.
  Time since last request: 0.296381 seconds.
  path: Assets/prefab/big_wall.prefab
  artifactKey: Guid(17683171b7e54324f9310f4e90316b12) Importer(815301076,1909f56bfc062723c751e8b465ee728b)
Start importing Assets/prefab/big_wall.prefab using Guid(17683171b7e54324f9310f4e90316b12) Importer(815301076,1909f56bfc062723c751e8b465ee728b)  -> (artifact id: '9c81d0838cbec6c0aa0ca7a62649f66b') in 0.039366 seconds 
========================================================================
Received Import Request.
  Time since last request: 0.000339 seconds.
  path: Assets/prefab/vin.prefab
  artifactKey: Guid(837c2d6d636645e488b98908942e3c44) Importer(815301076,1909f56bfc062723c751e8b465ee728b)
Start importing Assets/prefab/vin.prefab using Guid(837c2d6d636645e488b98908942e3c44) Importer(815301076,1909f56bfc062723c751e8b465ee728b)  -> (artifact id: '6401ea5a004610fbf00e7f8db8fbce44') in 0.023983 seconds 
========================================================================
Received Import Request.
  Time since last request: 0.000487 seconds.
  path: Assets/prefab/open_door.prefab
  artifactKey: Guid(a01ca102158bf0249ba5c261f0b5a827) Importer(815301076,1909f56bfc062723c751e8b465ee728b)
Start importing Assets/prefab/open_door.prefab using Guid(a01ca102158bf0249ba5c261f0b5a827) Importer(815301076,1909f56bfc062723c751e8b465ee728b)  -> (artifact id: 'a5206a0252cdf8c81ef3bfedc2c1a337') in 0.029199 seconds 
========================================================================
Received Import Request.
  Time since last request: 0.000482 seconds.
  path: Assets/prefab/coffre.prefab
  artifactKey: Guid(112892dd35c42e8478bab1468438db7f) Importer(815301076,1909f56bfc062723c751e8b465ee728b)
Start importing Assets/prefab/coffre.prefab using Guid(112892dd35c42e8478bab1468438db7f) Importer(815301076,1909f56bfc062723c751e8b465ee728b)  -> (artifact id: '4e9ec79ba74e9e30c15d2017f4a28391') in 0.053431 seconds 
========================================================================
Received Import Request.
  Time since last request: 0.000522 seconds.
  path: Assets/prefab/tiny_wall.prefab
  artifactKey: Guid(f858bb0d66e94ae4f883885450583c55) Importer(815301076,1909f56bfc062723c751e8b465ee728b)
Start importing Assets/prefab/tiny_wall.prefab using Guid(f858bb0d66e94ae4f883885450583c55) Importer(815301076,1909f56bfc062723c751e8b465ee728b)  -> (artifact id: 'c252ec2c83f130926284585cdbf05e05') in 0.028528 seconds 
========================================================================
Received Import Request.
  Time since last request: 0.000553 seconds.
  path: Assets/prefab/pillar.prefab
  artifactKey: Guid(adca5dcb20647a1448a10f26672ab940) Importer(815301076,1909f56bfc062723c751e8b465ee728b)
Start importing Assets/prefab/pillar.prefab using Guid(adca5dcb20647a1448a10f26672ab940) Importer(815301076,1909f56bfc062723c751e8b465ee728b)  -> (artifact id: '3a700630a3fefc78ea6583d8f49d9401') in 0.030411 seconds 
========================================================================
Received Import Request.
  Time since last request: 0.000489 seconds.
  path: Assets/prefab/Plane.prefab
  artifactKey: Guid(1b4fcfeb66020e048ac282058c292263) Importer(815301076,1909f56bfc062723c751e8b465ee728b)
Start importing Assets/prefab/Plane.prefab using Guid(1b4fcfeb66020e048ac282058c292263) Importer(815301076,1909f56bfc062723c751e8b465ee728b)  -> (artifact id: '7678ac7fea786a010d026b3a890672c4') in 0.048959 seconds 
========================================================================
Received Import Request.
  Time since last request: 0.000513 seconds.
  path: Assets/prefab/box.prefab
  artifactKey: Guid(42b8d0aec5976de43b4927ea2603bd98) Importer(815301076,1909f56bfc062723c751e8b465ee728b)
Start importing Assets/prefab/box.prefab using Guid(42b8d0aec5976de43b4927ea2603bd98) Importer(815301076,1909f56bfc062723c751e8b465ee728b)  -> (artifact id: '25f59def7aadb4388e633e9bf7beaf6c') in 0.029484 seconds 
========================================================================
Received Import Request.
  Time since last request: 0.000530 seconds.
  path: Assets/prefab/close_door.prefab
  artifactKey: Guid(4f8cd285345f25549b23ae9449ac24c3) Importer(815301076,1909f56bfc062723c751e8b465ee728b)
Start importing Assets/prefab/close_door.prefab using Guid(4f8cd285345f25549b23ae9449ac24c3) Importer(815301076,1909f56bfc062723c751e8b465ee728b)  -> (artifact id: 'aae8e031cc2d38cfa03b98bf740b0030') in 0.028595 seconds 
========================================================================
Received Import Request.
  Time since last request: 0.000544 seconds.
  path: Assets/prefab/medieum_wall.prefab
  artifactKey: Guid(1a2e095389a7f404e8c3152d76dc2bb0) Importer(815301076,1909f56bfc062723c751e8b465ee728b)
Start importing Assets/prefab/medieum_wall.prefab using Guid(1a2e095389a7f404e8c3152d76dc2bb0) Importer(815301076,1909f56bfc062723c751e8b465ee728b)  -> (artifact id: '32a6d467c7492091d0bbd0a4877c6bcd') in 0.029536 seconds 
========================================================================
Received Import Request.
  Time since last request: 0.000500 seconds.
  path: Assets/prefab/chair.prefab
  artifactKey: Guid(509ddc7299c0750469ba1e72ced16526) Importer(815301076,1909f56bfc062723c751e8b465ee728b)
Start importing Assets/prefab/chair.prefab using Guid(509ddc7299c0750469ba1e72ced16526) Importer(815301076,1909f56bfc062723c751e8b465ee728b)  -> (artifact id: '4c187d4ced81b8caa21422990eaf803d') in 0.029366 seconds 
========================================================================
Received Import Request.
  Time since last request: 0.000518 seconds.
  path: Assets/prefab/table.prefab
  artifactKey: Guid(2bbc57bdc1910c44fb26f0027920879d) Importer(815301076,1909f56bfc062723c751e8b465ee728b)
Start importing Assets/prefab/table.prefab using Guid(2bbc57bdc1910c44fb26f0027920879d) Importer(815301076,1909f56bfc062723c751e8b465ee728b)  -> (artifact id: '7dea56c006860bd94a69f3536afb7912') in 0.027607 seconds 
========================================================================
Received Import Request.
  Time since last request: 0.000553 seconds.
  path: Assets/prefab/tagère.prefab
  artifactKey: Guid(c5ba487532a510c45a7247488dd6b7e6) Importer(815301076,1909f56bfc062723c751e8b465ee728b)
Start importing Assets/prefab/tagère.prefab using Guid(c5ba487532a510c45a7247488dd6b7e6) Importer(815301076,1909f56bfc062723c751e8b465ee728b)  -> (artifact id: '6780d59dbf40286cf447fd4e02d98dc5') in 0.032659 seconds 
========================================================================
Received Import Request.
  Time since last request: 0.000263 seconds.
  path: Assets/prefab/fire Variant.prefab
  artifactKey: Guid(7ab44577eeab83f479a921a8cdda8678) Importer(815301076,1909f56bfc062723c751e8b465ee728b)
Start importing Assets/prefab/fire Variant.prefab using Guid(7ab44577eeab83f479a921a8cdda8678) Importer(815301076,1909f56bfc062723c751e8b465ee728b)  -> (artifact id: '82a38ab6b857b4cbf8bf99dac0204158') in 0.074973 seconds 
========================================================================
Received Import Request.
  Time since last request: 2.947500 seconds.
  path: Assets/Resources/Database.asset
  artifactKey: Guid(26b5e8e698e7b1e49bf099f01ff60e51) Importer(815301076,1909f56bfc062723c751e8b465ee728b)
Start importing Assets/Resources/Database.asset using Guid(26b5e8e698e7b1e49bf099f01ff60e51) Importer(815301076,1909f56bfc062723c751e8b465ee728b)  -> (artifact id: '169e78fd101b5ef036033e3ef462108b') in 0.021306 seconds 
========================================================================
Received Import Request.
  Time since last request: 8.342662 seconds.
  path: Assets/source/base_deanjon.fbx
  artifactKey: Guid(30343a5e2ebd08f419873f4d52ed8672) Importer(815301076,1909f56bfc062723c751e8b465ee728b)
Start importing Assets/source/base_deanjon.fbx using Guid(30343a5e2ebd08f419873f4d52ed8672) Importer(815301076,1909f56bfc062723c751e8b465ee728b)  -> (artifact id: 'd7e242c504f90fe08d94960a65df5fa1') in 0.906689 seconds 
========================================================================
Received Import Request.
  Time since last request: 3.402304 seconds.
  path: Assets/texture/PavingStones080_4K_AmbientOcclusion.jpg
  artifactKey: Guid(b91339e1050d35f4899e2126915eb070) Importer(815301076,1909f56bfc062723c751e8b465ee728b)
Start importing Assets/texture/PavingStones080_4K_AmbientOcclusion.jpg using Guid(b91339e1050d35f4899e2126915eb070) Importer(815301076,1909f56bfc062723c751e8b465ee728b)  -> (artifact id: '1e8b203d8ffa647a3b76cf01f5be99bf') in 0.067634 seconds 
========================================================================
Received Import Request.
  Time since last request: 0.000465 seconds.
  path: Assets/texture/PavingStones080_4K_Displacement.jpg
  artifactKey: Guid(86bdee007705c964bb10a5ba9bea719d) Importer(815301076,1909f56bfc062723c751e8b465ee728b)
Start importing Assets/texture/PavingStones080_4K_Displacement.jpg using Guid(86bdee007705c964bb10a5ba9bea719d) Importer(815301076,1909f56bfc062723c751e8b465ee728b)  -> (artifact id: 'f6bffa4cb6bd5b8bb759473d350adb36') in 0.017787 seconds 
========================================================================
Received Import Request.
  Time since last request: 0.000297 seconds.
  path: Assets/texture/PavingStones080_4K_NormalDX.jpg
  artifactKey: Guid(8273c1c47a2ef154da420fa047e27fdb) Importer(815301076,1909f56bfc062723c751e8b465ee728b)
Start importing Assets/texture/PavingStones080_4K_NormalDX.jpg using Guid(8273c1c47a2ef154da420fa047e27fdb) Importer(815301076,1909f56bfc062723c751e8b465ee728b)  -> (artifact id: '2db9077f8e9254793212956ae1c0a6da') in 0.022046 seconds 
========================================================================
Received Import Request.
  Time since last request: 0.000307 seconds.
  path: Assets/texture/PavingStones080_4K_NormalGL.jpg
  artifactKey: Guid(5869563e26d9bc448824a8d3a6028575) Importer(815301076,1909f56bfc062723c751e8b465ee728b)
Start importing Assets/texture/PavingStones080_4K_NormalGL.jpg using Guid(5869563e26d9bc448824a8d3a6028575) Importer(815301076,1909f56bfc062723c751e8b465ee728b)  -> (artifact id: 'a56f9f96753db9dd320f4db7fadf47db') in 0.017739 seconds 
========================================================================
Received Import Request.
  Time since last request: 0.000322 seconds.
  path: Assets/texture/PavingStones080_4K_Roughness.jpg
  artifactKey: Guid(42fef9eecc3b2154d9a6f2a252e503b6) Importer(815301076,1909f56bfc062723c751e8b465ee728b)
Start importing Assets/texture/PavingStones080_4K_Roughness.jpg using Guid(42fef9eecc3b2154d9a6f2a252e503b6) Importer(815301076,1909f56bfc062723c751e8b465ee728b)  -> (artifact id: '1d792fe90317aec9e1b89f3713864cda') in 0.019492 seconds 
========================================================================
Received Import Request.
  Time since last request: 0.000279 seconds.
  path: Assets/texture/PavingStones080_4K_Color.jpg
  artifactKey: Guid(070ba6fc19b71544285884797d3df94a) Importer(815301076,1909f56bfc062723c751e8b465ee728b)
Start importing Assets/texture/PavingStones080_4K_Color.jpg using Guid(070ba6fc19b71544285884797d3df94a) Importer(815301076,1909f56bfc062723c751e8b465ee728b)  -> (artifact id: '3287db3da2c835b4668b0d44a2dcc165') in 0.017816 seconds 
========================================================================
Received Import Request.
  Time since last request: 0.000371 seconds.
  path: Assets/texture/PavingStones080_PREVIEW.jpg
  artifactKey: Guid(7833389e9de44cd418e7a613d0cca89e) Importer(815301076,1909f56bfc062723c751e8b465ee728b)
Start importing Assets/texture/PavingStones080_PREVIEW.jpg using Guid(7833389e9de44cd418e7a613d0cca89e) Importer(815301076,1909f56bfc062723c751e8b465ee728b)  -> (artifact id: 'f5bca27e2e8aefcc314500d3c7d73b9b') in 0.015527 seconds 
========================================================================
Received Prepare
Refreshing native plugins compatible for Editor in 3.37 ms, found 2 plugins.
Preloading 0 native plugins for Editor in 0.00 ms.
Unloading 9 Unused Serialized files (Serialized files now loaded: 0)
System memory in use before: 45.4 MB.
System memory in use after: 45.0 MB.

Unloading 11 unused Assets to reduce memory usage. Loaded Objects now: 2019.
Total: 5.020200 ms (FindLiveObjects: 0.137500 ms CreateObjectMapping: 0.051600 ms MarkObjects: 4.341800 ms  DeleteObjects: 0.488300 ms)

AssetImportParameters requested are different than current active one (requested -> active):
  custom:framework-win-MediaFoundation: 216162199b28c13a410421893ffa2e32 -> 
  custom:video-decoder-ogg-theora: a1e56fd34408186e4bbccfd4996cb3dc -> 
  custom:container-muxer-webm: aa71ff27fc2769a1b78a27578f13a17b -> 
  custom:container-demuxer-webm: 4f35f7cbe854078d1ac9338744f61a02 -> 
  custom:container-demuxer-ogg: 62fdf1f143b41e24485cea50d1cbac27 -> 
  custom:video-encoder-webm-vp8: eb34c28f22e8b96e1ab97ce403110664 -> 
  custom:video-codec-MediaFoundation-h265: 746d11721c4dcdbdad8f713fa42b33f4 -> 
  custom:video-decoder-webm-vp8: 9c59270c3fd7afecdb556c50c9e8de78 -> 
  custom:audio-decoder-ogg-vorbis: bf7c407c2cedff20999df2af8eb42d56 -> 
  custom:audio-encoder-webm-vorbis: bf7c407c2cedff20999df2af8eb42d56 -> 
AssetImportWorkerClient::OnTransportError - code=2 error=End of file
